Determining if the pthread_create exist failed with the following output:
Change Dir: /home/exin0000/vnav_ws/build/catkin_tools_prebuild/CMakeFiles/CMakeTmp

Run Build Command:"/usr/bin/make" "cmTC_de38a/fast"
/usr/bin/make -f CMakeFiles/cmTC_de38a.dir/build.make CMakeFiles/cmTC_de38a.dir/build
make[1]: Entering directory '/home/exin0000/vnav_ws/build/catkin_tools_prebuild/CMakeFiles/CMakeTmp'
Building C object CMakeFiles/cmTC_de38a.dir/CheckSymbolExists.c.o
/usr/bin/cc    -o CMakeFiles/cmTC_de38a.dir/CheckSymbolExists.c.o   -c /home/exin0000/vnav_ws/build/catkin_tools_prebuild/CMakeFiles/CMakeTmp/CheckSymbolExists.c
Linking C executable cmTC_de38a
/usr/bin/cmake -E cmake_link_script CMakeFiles/cmTC_de38a.dir/link.txt --verbose=1
/usr/bin/cc      -rdynamic CMakeFiles/cmTC_de38a.dir/CheckSymbolExists.c.o  -o cmTC_de38a 
CMakeFiles/cmTC_de38a.dir/CheckSymbolExists.c.o: In function `main':
CheckSymbolExists.c:(.text+0x1b): undefined reference to `pthread_create'
collect2: error: ld returned 1 exit status
CMakeFiles/cmTC_de38a.dir/build.make:97: recipe for target 'cmTC_de38a' failed
make[1]: *** [cmTC_de38a] Error 1
make[1]: Leaving directory '/home/exin0000/vnav_ws/build/catkin_tools_prebuild/CMakeFiles/CMakeTmp'
Makefile:126: recipe for target 'cmTC_de38a/fast' failed
make: *** [cmTC_de38a/fast] Error 2

File /home/exin0000/vnav_ws/build/catkin_tools_prebuild/CMakeFiles/CMakeTmp/CheckSymbolExists.c:
/* */
#include <pthread.h>

int main(int argc, char** argv)
{
  (void)argv;
#ifndef pthread_create
  return ((int*)(&pthread_create))[argc];
#else
  (void)argc;
  return 0;
#endif
}

Determining if the function pthread_create exists in the pthreads failed with the following output:
Change Dir: /home/exin0000/vnav_ws/build/catkin_tools_prebuild/CMakeFiles/CMakeTmp

Run Build Command:"/usr/bin/make" "cmTC_4fd40/fast"
/usr/bin/make -f CMakeFiles/cmTC_4fd40.dir/build.make CMakeFiles/cmTC_4fd40.dir/build
make[1]: Entering directory '/home/exin0000/vnav_ws/build/catkin_tools_prebuild/CMakeFiles/CMakeTmp'
Building C object CMakeFiles/cmTC_4fd40.dir/CheckFunctionExists.c.o
/usr/bin/cc   -DCHECK_FUNCTION_EXISTS=pthread_create   -o CMakeFiles/cmTC_4fd40.dir/CheckFunctionExists.c.o   -c /usr/share/cmake-3.10/Modules/CheckFunctionExists.c
Linking C executable cmTC_4fd40
/usr/bin/cmake -E cmake_link_script CMakeFiles/cmTC_4fd40.dir/link.txt --verbose=1
/usr/bin/cc  -DCHECK_FUNCTION_EXISTS=pthread_create    -rdynamic CMakeFiles/cmTC_4fd40.dir/CheckFunctionExists.c.o  -o cmTC_4fd40 -lpthreads 
/usr/bin/ld: cannot find -lpthreads
collect2: error: ld returned 1 exit status
CMakeFiles/cmTC_4fd40.dir/build.make:97: recipe for target 'cmTC_4fd40' failed
make[1]: *** [cmTC_4fd40] Error 1
make[1]: Leaving directory '/home/exin0000/vnav_ws/build/catkin_tools_prebuild/CMakeFiles/CMakeTmp'
Makefile:126: recipe for target 'cmTC_4fd40/fast' failed
make: *** [cmTC_4fd40/fast] Error 2


