Determining if the pthread_create exist failed with the following output:
Change Dir: /home/exin0000/vnav_ws/build/two_drones_pkg/CMakeFiles/CMakeTmp

Run Build Command:"/usr/bin/make" "cmTC_c263c/fast"
/usr/bin/make -f CMakeFiles/cmTC_c263c.dir/build.make CMakeFiles/cmTC_c263c.dir/build
make[1]: Entering directory '/home/exin0000/vnav_ws/build/two_drones_pkg/CMakeFiles/CMakeTmp'
Building C object CMakeFiles/cmTC_c263c.dir/CheckSymbolExists.c.o
/usr/bin/cc    -o CMakeFiles/cmTC_c263c.dir/CheckSymbolExists.c.o   -c /home/exin0000/vnav_ws/build/two_drones_pkg/CMakeFiles/CMakeTmp/CheckSymbolExists.c
Linking C executable cmTC_c263c
/usr/bin/cmake -E cmake_link_script CMakeFiles/cmTC_c263c.dir/link.txt --verbose=1
/usr/bin/cc      -rdynamic CMakeFiles/cmTC_c263c.dir/CheckSymbolExists.c.o  -o cmTC_c263c 
CMakeFiles/cmTC_c263c.dir/CheckSymbolExists.c.o: In function `main':
CheckSymbolExists.c:(.text+0x1b): undefined reference to `pthread_create'
collect2: error: ld returned 1 exit status
CMakeFiles/cmTC_c263c.dir/build.make:97: recipe for target 'cmTC_c263c' failed
make[1]: *** [cmTC_c263c] Error 1
make[1]: Leaving directory '/home/exin0000/vnav_ws/build/two_drones_pkg/CMakeFiles/CMakeTmp'
Makefile:126: recipe for target 'cmTC_c263c/fast' failed
make: *** [cmTC_c263c/fast] Error 2

File /home/exin0000/vnav_ws/build/two_drones_pkg/CMakeFiles/CMakeTmp/CheckSymbolExists.c:
/* */
#include <pthread.h>

int main(int argc, char** argv)
{
  (void)argv;
#ifndef pthread_create
  return ((int*)(&pthread_create))[argc];
#else
  (void)argc;
  return 0;
#endif
}

Determining if the function pthread_create exists in the pthreads failed with the following output:
Change Dir: /home/exin0000/vnav_ws/build/two_drones_pkg/CMakeFiles/CMakeTmp

Run Build Command:"/usr/bin/make" "cmTC_3c714/fast"
/usr/bin/make -f CMakeFiles/cmTC_3c714.dir/build.make CMakeFiles/cmTC_3c714.dir/build
make[1]: Entering directory '/home/exin0000/vnav_ws/build/two_drones_pkg/CMakeFiles/CMakeTmp'
Building C object CMakeFiles/cmTC_3c714.dir/CheckFunctionExists.c.o
/usr/bin/cc   -DCHECK_FUNCTION_EXISTS=pthread_create   -o CMakeFiles/cmTC_3c714.dir/CheckFunctionExists.c.o   -c /usr/share/cmake-3.10/Modules/CheckFunctionExists.c
Linking C executable cmTC_3c714
/usr/bin/cmake -E cmake_link_script CMakeFiles/cmTC_3c714.dir/link.txt --verbose=1
/usr/bin/cc  -DCHECK_FUNCTION_EXISTS=pthread_create    -rdynamic CMakeFiles/cmTC_3c714.dir/CheckFunctionExists.c.o  -o cmTC_3c714 -lpthreads 
/usr/bin/ld: cannot find -lpthreads
collect2: error: ld returned 1 exit status
CMakeFiles/cmTC_3c714.dir/build.make:97: recipe for target 'cmTC_3c714' failed
make[1]: *** [cmTC_3c714] Error 1
make[1]: Leaving directory '/home/exin0000/vnav_ws/build/two_drones_pkg/CMakeFiles/CMakeTmp'
Makefile:126: recipe for target 'cmTC_3c714/fast' failed
make: *** [cmTC_3c714/fast] Error 2


